<?xml version="1.0" encoding="UTF-8"?>
<testng-results ignored="0" total="35" passed="29" failed="6" skipped="0">
  <reporter-output>
  </reporter-output>
  <suite started-at="2024-07-30T22:20:11 IST" name="Suite" finished-at="2024-07-30T22:53:57 IST" duration-ms="2025979">
    <groups>
    </groups>
    <test started-at="2024-07-30T22:20:11 IST" name="Test" finished-at="2024-07-30T22:53:57 IST" duration-ms="2025979">
      <class name="test.BottomLinks">
        <test-method is-config="true" signature="LaunchBrowser(java.lang.String,java.lang.String)[pri:0, instance:test.BottomLinks@57a3e26a]" started-at="2024-07-30T22:30:21 IST" name="LaunchBrowser" finished-at="2024-07-30T22:30:39 IST" duration-ms="17887" status="PASS">
          <params>
            <param index="0">
              <value>
                <![CDATA[Chrome]]>
              </value>
            </param>
            <param index="1">
              <value>
                <![CDATA[https://www.bestbuy.com/]]>
              </value>
            </param>
          </params>
          <reporter-output>
          </reporter-output>
        </test-method> <!-- LaunchBrowser -->
        <test-method signature="Accessibility()[pri:0, instance:test.BottomLinks@57a3e26a]" started-at="2024-07-30T22:30:39 IST" name="Accessibility" finished-at="2024-07-30T22:31:07 IST" duration-ms="27973" status="PASS">
          <reporter-output>
          </reporter-output>
        </test-method> <!-- Accessibility -->
        <test-method is-config="true" signature="LaunchBrowser(java.lang.String,java.lang.String)[pri:0, instance:test.BottomLinks@57a3e26a]" started-at="2024-07-30T22:31:08 IST" name="LaunchBrowser" finished-at="2024-07-30T22:31:30 IST" duration-ms="22857" status="PASS">
          <params>
            <param index="0">
              <value>
                <![CDATA[Chrome]]>
              </value>
            </param>
            <param index="1">
              <value>
                <![CDATA[https://www.bestbuy.com/]]>
              </value>
            </param>
          </params>
          <reporter-output>
          </reporter-output>
        </test-method> <!-- LaunchBrowser -->
        <test-method signature="CaSupplyChain()[pri:0, instance:test.BottomLinks@57a3e26a]" started-at="2024-07-30T22:31:30 IST" name="CaSupplyChain" finished-at="2024-07-30T22:32:03 IST" duration-ms="32945" status="PASS">
          <reporter-output>
          </reporter-output>
        </test-method> <!-- CaSupplyChain -->
        <test-method is-config="true" signature="LaunchBrowser(java.lang.String,java.lang.String)[pri:0, instance:test.BottomLinks@57a3e26a]" started-at="2024-07-30T22:32:04 IST" name="LaunchBrowser" finished-at="2024-07-30T22:32:21 IST" duration-ms="17859" status="PASS">
          <params>
            <param index="0">
              <value>
                <![CDATA[Chrome]]>
              </value>
            </param>
            <param index="1">
              <value>
                <![CDATA[https://www.bestbuy.com/]]>
              </value>
            </param>
          </params>
          <reporter-output>
          </reporter-output>
        </test-method> <!-- LaunchBrowser -->
        <test-method signature="DoNotSell()[pri:0, instance:test.BottomLinks@57a3e26a]" started-at="2024-07-30T22:32:21 IST" name="DoNotSell" finished-at="2024-07-30T22:32:45 IST" duration-ms="23619" status="PASS">
          <reporter-output>
          </reporter-output>
        </test-method> <!-- DoNotSell -->
        <test-method is-config="true" signature="LaunchBrowser(java.lang.String,java.lang.String)[pri:0, instance:test.BottomLinks@57a3e26a]" started-at="2024-07-30T22:32:46 IST" name="LaunchBrowser" finished-at="2024-07-30T22:33:03 IST" duration-ms="17948" status="PASS">
          <params>
            <param index="0">
              <value>
                <![CDATA[Chrome]]>
              </value>
            </param>
            <param index="1">
              <value>
                <![CDATA[https://www.bestbuy.com/]]>
              </value>
            </param>
          </params>
          <reporter-output>
          </reporter-output>
        </test-method> <!-- LaunchBrowser -->
        <test-method signature="HealthDataPrivacy()[pri:0, instance:test.BottomLinks@57a3e26a]" started-at="2024-07-30T22:33:03 IST" name="HealthDataPrivacy" finished-at="2024-07-30T22:33:23 IST" duration-ms="19670" status="PASS">
          <reporter-output>
          </reporter-output>
        </test-method> <!-- HealthDataPrivacy -->
        <test-method is-config="true" signature="LaunchBrowser(java.lang.String,java.lang.String)[pri:0, instance:test.BottomLinks@57a3e26a]" started-at="2024-07-30T22:33:24 IST" name="LaunchBrowser" finished-at="2024-07-30T22:33:42 IST" duration-ms="18081" status="PASS">
          <params>
            <param index="0">
              <value>
                <![CDATA[Chrome]]>
              </value>
            </param>
            <param index="1">
              <value>
                <![CDATA[https://www.bestbuy.com/]]>
              </value>
            </param>
          </params>
          <reporter-output>
          </reporter-output>
        </test-method> <!-- LaunchBrowser -->
        <test-method signature="InterestBasedAds()[pri:0, instance:test.BottomLinks@57a3e26a]" started-at="2024-07-30T22:33:42 IST" name="InterestBasedAds" finished-at="2024-07-30T22:34:10 IST" duration-ms="28527" status="PASS">
          <reporter-output>
          </reporter-output>
        </test-method> <!-- InterestBasedAds -->
        <test-method is-config="true" signature="LaunchBrowser(java.lang.String,java.lang.String)[pri:0, instance:test.BottomLinks@57a3e26a]" started-at="2024-07-30T22:34:11 IST" name="LaunchBrowser" finished-at="2024-07-30T22:34:29 IST" duration-ms="18087" status="PASS">
          <params>
            <param index="0">
              <value>
                <![CDATA[Chrome]]>
              </value>
            </param>
            <param index="1">
              <value>
                <![CDATA[https://www.bestbuy.com/]]>
              </value>
            </param>
          </params>
          <reporter-output>
          </reporter-output>
        </test-method> <!-- LaunchBrowser -->
        <test-method signature="LimitUse()[pri:0, instance:test.BottomLinks@57a3e26a]" started-at="2024-07-30T22:34:29 IST" name="LimitUse" finished-at="2024-07-30T22:34:59 IST" duration-ms="29876" status="PASS">
          <reporter-output>
          </reporter-output>
        </test-method> <!-- LimitUse -->
        <test-method is-config="true" signature="LaunchBrowser(java.lang.String,java.lang.String)[pri:0, instance:test.BottomLinks@57a3e26a]" started-at="2024-07-30T22:35:00 IST" name="LaunchBrowser" finished-at="2024-07-30T22:35:16 IST" duration-ms="16335" status="PASS">
          <params>
            <param index="0">
              <value>
                <![CDATA[Chrome]]>
              </value>
            </param>
            <param index="1">
              <value>
                <![CDATA[https://www.bestbuy.com/]]>
              </value>
            </param>
          </params>
          <reporter-output>
          </reporter-output>
        </test-method> <!-- LaunchBrowser -->
        <test-method signature="Privacy()[pri:0, instance:test.BottomLinks@57a3e26a]" started-at="2024-07-30T22:35:16 IST" name="Privacy" finished-at="2024-07-30T22:35:44 IST" duration-ms="28432" status="PASS">
          <reporter-output>
          </reporter-output>
        </test-method> <!-- Privacy -->
        <test-method is-config="true" signature="LaunchBrowser(java.lang.String,java.lang.String)[pri:0, instance:test.BottomLinks@57a3e26a]" started-at="2024-07-30T22:35:45 IST" name="LaunchBrowser" finished-at="2024-07-30T22:36:02 IST" duration-ms="16912" status="PASS">
          <params>
            <param index="0">
              <value>
                <![CDATA[Chrome]]>
              </value>
            </param>
            <param index="1">
              <value>
                <![CDATA[https://www.bestbuy.com/]]>
              </value>
            </param>
          </params>
          <reporter-output>
          </reporter-output>
        </test-method> <!-- LaunchBrowser -->
        <test-method signature="StatePrivacyRights()[pri:0, instance:test.BottomLinks@57a3e26a]" started-at="2024-07-30T22:36:02 IST" name="StatePrivacyRights" finished-at="2024-07-30T22:36:19 IST" duration-ms="16972" status="PASS">
          <reporter-output>
          </reporter-output>
        </test-method> <!-- StatePrivacyRights -->
        <test-method is-config="true" signature="LaunchBrowser(java.lang.String,java.lang.String)[pri:0, instance:test.BottomLinks@57a3e26a]" started-at="2024-07-30T22:36:19 IST" name="LaunchBrowser" finished-at="2024-07-30T22:36:40 IST" duration-ms="20775" status="PASS">
          <params>
            <param index="0">
              <value>
                <![CDATA[Chrome]]>
              </value>
            </param>
            <param index="1">
              <value>
                <![CDATA[https://www.bestbuy.com/]]>
              </value>
            </param>
          </params>
          <reporter-output>
          </reporter-output>
        </test-method> <!-- LaunchBrowser -->
        <test-method signature="TargetAds()[pri:0, instance:test.BottomLinks@57a3e26a]" started-at="2024-07-30T22:36:40 IST" name="TargetAds" finished-at="2024-07-30T22:36:53 IST" duration-ms="12940" status="PASS">
          <reporter-output>
          </reporter-output>
        </test-method> <!-- TargetAds -->
        <test-method is-config="true" signature="LaunchBrowser(java.lang.String,java.lang.String)[pri:0, instance:test.BottomLinks@57a3e26a]" started-at="2024-07-30T22:36:53 IST" name="LaunchBrowser" finished-at="2024-07-30T22:37:10 IST" duration-ms="16780" status="PASS">
          <params>
            <param index="0">
              <value>
                <![CDATA[Chrome]]>
              </value>
            </param>
            <param index="1">
              <value>
                <![CDATA[https://www.bestbuy.com/]]>
              </value>
            </param>
          </params>
          <reporter-output>
          </reporter-output>
        </test-method> <!-- LaunchBrowser -->
        <test-method signature="TermsAndConditions()[pri:0, instance:test.BottomLinks@57a3e26a]" started-at="2024-07-30T22:37:10 IST" name="TermsAndConditions" finished-at="2024-07-30T22:37:32 IST" duration-ms="22225" status="PASS">
          <reporter-output>
          </reporter-output>
        </test-method> <!-- TermsAndConditions -->
      </class> <!-- test.BottomLinks -->
      <class name="test.AllMenu">
        <test-method is-config="true" signature="LaunchBrowser(java.lang.String,java.lang.String)[pri:0, instance:test.AllMenu@4b2c5e02]" started-at="2024-07-30T22:29:01 IST" name="LaunchBrowser" finished-at="2024-07-30T22:29:18 IST" duration-ms="17208" status="PASS">
          <params>
            <param index="0">
              <value>
                <![CDATA[Chrome]]>
              </value>
            </param>
            <param index="1">
              <value>
                <![CDATA[https://www.bestbuy.com/]]>
              </value>
            </param>
          </params>
          <reporter-output>
          </reporter-output>
        </test-method> <!-- LaunchBrowser -->
        <test-method signature="AllMenuValidation()[pri:0, instance:test.AllMenu@4b2c5e02]" started-at="2024-07-30T22:29:18 IST" name="AllMenuValidation" finished-at="2024-07-30T22:30:21 IST" duration-ms="62441" status="PASS">
          <reporter-output>
          </reporter-output>
        </test-method> <!-- AllMenuValidation -->
      </class> <!-- test.AllMenu -->
      <class name="test.SearchInput">
        <test-method is-config="true" signature="setUp()[pri:0, instance:test.SearchInput@75c56eb9]" started-at="2024-07-30T22:20:11 IST" name="setUp" finished-at="2024-07-30T22:20:11 IST" duration-ms="1" status="PASS">
          <reporter-output>
          </reporter-output>
        </test-method> <!-- setUp -->
        <test-method is-config="true" signature="LaunchBrowser(java.lang.String,java.lang.String)[pri:0, instance:test.SearchInput@75c56eb9]" started-at="2024-07-30T22:37:33 IST" name="LaunchBrowser" finished-at="2024-07-30T22:37:52 IST" duration-ms="18867" status="PASS">
          <params>
            <param index="0">
              <value>
                <![CDATA[Chrome]]>
              </value>
            </param>
            <param index="1">
              <value>
                <![CDATA[https://www.bestbuy.com/]]>
              </value>
            </param>
          </params>
          <reporter-output>
          </reporter-output>
        </test-method> <!-- LaunchBrowser -->
        <test-method signature="AddToCartTest(java.lang.String,java.lang.String)[pri:0, instance:test.SearchInput@75c56eb9]" started-at="2024-07-30T22:37:52 IST" name="AddToCartTest" data-provider="Data" finished-at="2024-07-30T22:38:27 IST" duration-ms="34724" status="PASS">
          <params>
            <param index="0">
              <value>
                <![CDATA[mobiles]]>
              </value>
            </param>
            <param index="1">
              <value>
                <![CDATA[valid]]>
              </value>
            </param>
          </params>
          <reporter-output>
          </reporter-output>
        </test-method> <!-- AddToCartTest -->
        <test-method is-config="true" signature="LaunchBrowser(java.lang.String,java.lang.String)[pri:0, instance:test.SearchInput@75c56eb9]" started-at="2024-07-30T22:38:27 IST" name="LaunchBrowser" finished-at="2024-07-30T22:38:45 IST" duration-ms="17371" status="PASS">
          <params>
            <param index="0">
              <value>
                <![CDATA[Chrome]]>
              </value>
            </param>
            <param index="1">
              <value>
                <![CDATA[https://www.bestbuy.com/]]>
              </value>
            </param>
          </params>
          <reporter-output>
          </reporter-output>
        </test-method> <!-- LaunchBrowser -->
        <test-method signature="AddToCartTest(java.lang.String,java.lang.String)[pri:0, instance:test.SearchInput@75c56eb9]" started-at="2024-07-30T22:38:45 IST" name="AddToCartTest" data-provider="Data" finished-at="2024-07-30T22:39:31 IST" duration-ms="46524" status="FAIL">
          <params>
            <param index="0">
              <value>
                <![CDATA[$$$$]]>
              </value>
            </param>
            <param index="1">
              <value>
                <![CDATA[invalid]]>
              </value>
            </param>
          </params>
          <exception class="org.openqa.selenium.NoSuchElementException">
            <message>
              <![CDATA[no such element: Unable to locate element: {"method":"xpath","selector":"(//a[text()='Boost Mobile - moto g play 2024 64GB Prepaid - Black'])[1]"}
  (Session info: chrome=127.0.6533.73)
For documentation on this error, please visit: https://www.selenium.dev/documentation/webdriver/troubleshooting/errors#no-such-element-exception
Build info: version: '4.21.0', revision: '79ed462ef4'
System info: os.name: 'Windows 10', os.arch: 'amd64', os.version: '10.0', java.version: '22.0.1'
Driver info: org.openqa.selenium.chrome.ChromeDriver
Command: [0c4dbbc0543a469297f95e933788f76a, findElement {value=(//a[text()='Boost Mobile - moto g play 2024 64GB Prepaid - Black'])[1], using=xpath}]
Capabilities {acceptInsecureCerts: false, browserName: chrome, browserVersion: 127.0.6533.73, chrome: {chromedriverVersion: 127.0.6533.72 (9755e24ca85a..., userDataDir: C:\Users\USER\AppData\Local...}, fedcm:accounts: true, goog:chromeOptions: {debuggerAddress: localhost:60538}, networkConnectionEnabled: false, pageLoadStrategy: normal, platformName: windows, proxy: Proxy(), se:cdp: ws://localhost:60538/devtoo..., se:cdpVersion: 127.0.6533.73, setWindowRect: true, strictFileInteractability: false, timeouts: {implicit: 0, pageLoad: 300000, script: 30000}, unhandledPromptBehavior: dismiss and notify, webauthn:extension:credBlob: true, webauthn:extension:largeBlob: true, webauthn:extension:minPinLength: true, webauthn:extension:prf: true, webauthn:virtualAuthenticators: true}
Session ID: 0c4dbbc0543a469297f95e933788f76a]]>
            </message>
            <full-stacktrace>
              <![CDATA[org.openqa.selenium.NoSuchElementException: no such element: Unable to locate element: {"method":"xpath","selector":"(//a[text()='Boost Mobile - moto g play 2024 64GB Prepaid - Black'])[1]"}
  (Session info: chrome=127.0.6533.73)
For documentation on this error, please visit: https://www.selenium.dev/documentation/webdriver/troubleshooting/errors#no-such-element-exception
Build info: version: '4.21.0', revision: '79ed462ef4'
System info: os.name: 'Windows 10', os.arch: 'amd64', os.version: '10.0', java.version: '22.0.1'
Driver info: org.openqa.selenium.chrome.ChromeDriver
Command: [0c4dbbc0543a469297f95e933788f76a, findElement {value=(//a[text()='Boost Mobile - moto g play 2024 64GB Prepaid - Black'])[1], using=xpath}]
Capabilities {acceptInsecureCerts: false, browserName: chrome, browserVersion: 127.0.6533.73, chrome: {chromedriverVersion: 127.0.6533.72 (9755e24ca85a..., userDataDir: C:\Users\USER\AppData\Local...}, fedcm:accounts: true, goog:chromeOptions: {debuggerAddress: localhost:60538}, networkConnectionEnabled: false, pageLoadStrategy: normal, platformName: windows, proxy: Proxy(), se:cdp: ws://localhost:60538/devtoo..., se:cdpVersion: 127.0.6533.73, setWindowRect: true, strictFileInteractability: false, timeouts: {implicit: 0, pageLoad: 300000, script: 30000}, unhandledPromptBehavior: dismiss and notify, webauthn:extension:credBlob: true, webauthn:extension:largeBlob: true, webauthn:extension:minPinLength: true, webauthn:extension:prf: true, webauthn:virtualAuthenticators: true}
Session ID: 0c4dbbc0543a469297f95e933788f76a
at java.base/jdk.internal.reflect.DirectConstructorHandleAccessor.newInstance(DirectConstructorHandleAccessor.java:62)
at java.base/java.lang.reflect.Constructor.newInstanceWithCaller(Constructor.java:502)
at java.base/java.lang.reflect.Constructor.newInstance(Constructor.java:486)
at org.openqa.selenium.remote.ErrorCodec.decode(ErrorCodec.java:167)
at org.openqa.selenium.remote.codec.w3c.W3CHttpResponseCodec.decode(W3CHttpResponseCodec.java:138)
at org.openqa.selenium.remote.codec.w3c.W3CHttpResponseCodec.decode(W3CHttpResponseCodec.java:50)
at org.openqa.selenium.remote.HttpCommandExecutor.execute(HttpCommandExecutor.java:190)
at org.openqa.selenium.remote.service.DriverCommandExecutor.invokeExecute(DriverCommandExecutor.java:216)
at org.openqa.selenium.remote.service.DriverCommandExecutor.execute(DriverCommandExecutor.java:174)
at org.openqa.selenium.remote.RemoteWebDriver.execute(RemoteWebDriver.java:518)
at org.openqa.selenium.remote.ElementLocation$ElementFinder$2.findElement(ElementLocation.java:165)
at org.openqa.selenium.remote.ElementLocation.findElement(ElementLocation.java:59)
at org.openqa.selenium.remote.RemoteWebDriver.findElement(RemoteWebDriver.java:355)
at org.openqa.selenium.remote.RemoteWebDriver.findElement(RemoteWebDriver.java:349)
at org.openqa.selenium.support.pagefactory.DefaultElementLocator.findElement(DefaultElementLocator.java:68)
at org.openqa.selenium.support.pagefactory.internal.LocatingElementHandler.invoke(LocatingElementHandler.java:38)
at jdk.proxy2/jdk.proxy2.$Proxy16.click(Unknown Source)
at pages.MobilePage.clickSelectMobile(MobilePage.java:30)
at test.SearchInput.AddToCartTest(SearchInput.java:47)
at java.base/jdk.internal.reflect.DirectMethodHandleAccessor.invoke(DirectMethodHandleAccessor.java:103)
at java.base/java.lang.reflect.Method.invoke(Method.java:580)
at org.testng.internal.invokers.MethodInvocationHelper.invokeMethod(MethodInvocationHelper.java:139)
at org.testng.internal.invokers.TestInvoker.invokeMethod(TestInvoker.java:664)
at org.testng.internal.invokers.TestInvoker.invokeTestMethod(TestInvoker.java:227)
at org.testng.internal.invokers.MethodRunner.runInSequence(MethodRunner.java:50)
at org.testng.internal.invokers.TestInvoker$MethodInvocationAgent.invoke(TestInvoker.java:957)
at org.testng.internal.invokers.TestInvoker.invokeTestMethods(TestInvoker.java:200)
at org.testng.internal.invokers.TestMethodWorker.invokeTestMethods(TestMethodWorker.java:148)
at org.testng.internal.invokers.TestMethodWorker.run(TestMethodWorker.java:128)
at java.base/java.util.ArrayList.forEach(ArrayList.java:1597)
at org.testng.TestRunner.privateRun(TestRunner.java:848)
at org.testng.TestRunner.run(TestRunner.java:621)
at org.testng.SuiteRunner.runTest(SuiteRunner.java:443)
at org.testng.SuiteRunner.runSequentially(SuiteRunner.java:437)
at org.testng.SuiteRunner.privateRun(SuiteRunner.java:397)
at org.testng.SuiteRunner.run(SuiteRunner.java:336)
at org.testng.SuiteRunnerWorker.runSuite(SuiteRunnerWorker.java:52)
at org.testng.SuiteRunnerWorker.run(SuiteRunnerWorker.java:95)
at org.testng.TestNG.runSuitesSequentially(TestNG.java:1280)
at org.testng.TestNG.runSuitesLocally(TestNG.java:1200)
at org.testng.TestNG.runSuites(TestNG.java:1114)
at org.testng.TestNG.run(TestNG.java:1082)
at org.testng.remote.AbstractRemoteTestNG.run(AbstractRemoteTestNG.java:115)
at org.testng.remote.RemoteTestNG.initAndRun(RemoteTestNG.java:293)
at org.testng.remote.RemoteTestNG.main(RemoteTestNG.java:91)
]]>
            </full-stacktrace>
          </exception> <!-- org.openqa.selenium.NoSuchElementException -->
          <reporter-output>
          </reporter-output>
        </test-method> <!-- AddToCartTest -->
        <test-method is-config="true" signature="LaunchBrowser(java.lang.String,java.lang.String)[pri:0, instance:test.SearchInput@75c56eb9]" started-at="2024-07-30T22:39:32 IST" name="LaunchBrowser" finished-at="2024-07-30T22:39:50 IST" duration-ms="17807" status="PASS">
          <params>
            <param index="0">
              <value>
                <![CDATA[Chrome]]>
              </value>
            </param>
            <param index="1">
              <value>
                <![CDATA[https://www.bestbuy.com/]]>
              </value>
            </param>
          </params>
          <reporter-output>
          </reporter-output>
        </test-method> <!-- LaunchBrowser -->
        <test-method signature="GoToCartTest(java.lang.String,java.lang.String)[pri:0, instance:test.SearchInput@75c56eb9]" started-at="2024-07-30T22:39:50 IST" name="GoToCartTest" data-provider="Data" finished-at="2024-07-30T22:40:54 IST" duration-ms="63938" status="PASS">
          <params>
            <param index="0">
              <value>
                <![CDATA[mobiles]]>
              </value>
            </param>
            <param index="1">
              <value>
                <![CDATA[valid]]>
              </value>
            </param>
          </params>
          <reporter-output>
          </reporter-output>
        </test-method> <!-- GoToCartTest -->
        <test-method is-config="true" signature="LaunchBrowser(java.lang.String,java.lang.String)[pri:0, instance:test.SearchInput@75c56eb9]" started-at="2024-07-30T22:40:54 IST" name="LaunchBrowser" finished-at="2024-07-30T22:41:16 IST" duration-ms="22125" status="PASS">
          <params>
            <param index="0">
              <value>
                <![CDATA[Chrome]]>
              </value>
            </param>
            <param index="1">
              <value>
                <![CDATA[https://www.bestbuy.com/]]>
              </value>
            </param>
          </params>
          <reporter-output>
          </reporter-output>
        </test-method> <!-- LaunchBrowser -->
        <test-method signature="GoToCartTest(java.lang.String,java.lang.String)[pri:0, instance:test.SearchInput@75c56eb9]" started-at="2024-07-30T22:41:16 IST" name="GoToCartTest" data-provider="Data" finished-at="2024-07-30T22:41:50 IST" duration-ms="33557" status="PASS">
          <params>
            <param index="0">
              <value>
                <![CDATA[$$$$]]>
              </value>
            </param>
            <param index="1">
              <value>
                <![CDATA[invalid]]>
              </value>
            </param>
          </params>
          <reporter-output>
          </reporter-output>
        </test-method> <!-- GoToCartTest -->
        <test-method is-config="true" signature="LaunchBrowser(java.lang.String,java.lang.String)[pri:0, instance:test.SearchInput@75c56eb9]" started-at="2024-07-30T22:41:51 IST" name="LaunchBrowser" finished-at="2024-07-30T22:42:11 IST" duration-ms="20719" status="PASS">
          <params>
            <param index="0">
              <value>
                <![CDATA[Chrome]]>
              </value>
            </param>
            <param index="1">
              <value>
                <![CDATA[https://www.bestbuy.com/]]>
              </value>
            </param>
          </params>
          <reporter-output>
          </reporter-output>
        </test-method> <!-- LaunchBrowser -->
        <test-method signature="SearchInputTest(java.lang.String,java.lang.String)[pri:0, instance:test.SearchInput@75c56eb9]" started-at="2024-07-30T22:42:11 IST" name="SearchInputTest" data-provider="Data" finished-at="2024-07-30T22:42:43 IST" duration-ms="31864" status="PASS">
          <params>
            <param index="0">
              <value>
                <![CDATA[mobiles]]>
              </value>
            </param>
            <param index="1">
              <value>
                <![CDATA[valid]]>
              </value>
            </param>
          </params>
          <reporter-output>
          </reporter-output>
        </test-method> <!-- SearchInputTest -->
        <test-method is-config="true" signature="LaunchBrowser(java.lang.String,java.lang.String)[pri:0, instance:test.SearchInput@75c56eb9]" started-at="2024-07-30T22:42:47 IST" name="LaunchBrowser" finished-at="2024-07-30T22:43:07 IST" duration-ms="20398" status="PASS">
          <params>
            <param index="0">
              <value>
                <![CDATA[Chrome]]>
              </value>
            </param>
            <param index="1">
              <value>
                <![CDATA[https://www.bestbuy.com/]]>
              </value>
            </param>
          </params>
          <reporter-output>
          </reporter-output>
        </test-method> <!-- LaunchBrowser -->
        <test-method signature="SearchInputTest(java.lang.String,java.lang.String)[pri:0, instance:test.SearchInput@75c56eb9]" started-at="2024-07-30T22:43:07 IST" name="SearchInputTest" data-provider="Data" finished-at="2024-07-30T22:44:19 IST" duration-ms="71749" status="FAIL">
          <params>
            <param index="0">
              <value>
                <![CDATA[$$$$]]>
              </value>
            </param>
            <param index="1">
              <value>
                <![CDATA[invalid]]>
              </value>
            </param>
          </params>
          <exception class="org.openqa.selenium.NoSuchElementException">
            <message>
              <![CDATA[no such element: Unable to locate element: {"method":"xpath","selector":"//p[text()='Try a different search term or check out some of our suggestions below.']"}
  (Session info: chrome=127.0.6533.73)
For documentation on this error, please visit: https://www.selenium.dev/documentation/webdriver/troubleshooting/errors#no-such-element-exception
Build info: version: '4.21.0', revision: '79ed462ef4'
System info: os.name: 'Windows 10', os.arch: 'amd64', os.version: '10.0', java.version: '22.0.1'
Driver info: org.openqa.selenium.chrome.ChromeDriver
Command: [76128ae5e404537368b520e3b6780afc, findElement {value=//p[text()='Try a different search term or check out some of our suggestions below.'], using=xpath}]
Capabilities {acceptInsecureCerts: false, browserName: chrome, browserVersion: 127.0.6533.73, chrome: {chromedriverVersion: 127.0.6533.72 (9755e24ca85a..., userDataDir: C:\Users\USER\AppData\Local...}, fedcm:accounts: true, goog:chromeOptions: {debuggerAddress: localhost:61305}, networkConnectionEnabled: false, pageLoadStrategy: normal, platformName: windows, proxy: Proxy(), se:cdp: ws://localhost:61305/devtoo..., se:cdpVersion: 127.0.6533.73, setWindowRect: true, strictFileInteractability: false, timeouts: {implicit: 0, pageLoad: 300000, script: 30000}, unhandledPromptBehavior: dismiss and notify, webauthn:extension:credBlob: true, webauthn:extension:largeBlob: true, webauthn:extension:minPinLength: true, webauthn:extension:prf: true, webauthn:virtualAuthenticators: true}
Session ID: 76128ae5e404537368b520e3b6780afc]]>
            </message>
            <full-stacktrace>
              <![CDATA[org.openqa.selenium.NoSuchElementException: no such element: Unable to locate element: {"method":"xpath","selector":"//p[text()='Try a different search term or check out some of our suggestions below.']"}
  (Session info: chrome=127.0.6533.73)
For documentation on this error, please visit: https://www.selenium.dev/documentation/webdriver/troubleshooting/errors#no-such-element-exception
Build info: version: '4.21.0', revision: '79ed462ef4'
System info: os.name: 'Windows 10', os.arch: 'amd64', os.version: '10.0', java.version: '22.0.1'
Driver info: org.openqa.selenium.chrome.ChromeDriver
Command: [76128ae5e404537368b520e3b6780afc, findElement {value=//p[text()='Try a different search term or check out some of our suggestions below.'], using=xpath}]
Capabilities {acceptInsecureCerts: false, browserName: chrome, browserVersion: 127.0.6533.73, chrome: {chromedriverVersion: 127.0.6533.72 (9755e24ca85a..., userDataDir: C:\Users\USER\AppData\Local...}, fedcm:accounts: true, goog:chromeOptions: {debuggerAddress: localhost:61305}, networkConnectionEnabled: false, pageLoadStrategy: normal, platformName: windows, proxy: Proxy(), se:cdp: ws://localhost:61305/devtoo..., se:cdpVersion: 127.0.6533.73, setWindowRect: true, strictFileInteractability: false, timeouts: {implicit: 0, pageLoad: 300000, script: 30000}, unhandledPromptBehavior: dismiss and notify, webauthn:extension:credBlob: true, webauthn:extension:largeBlob: true, webauthn:extension:minPinLength: true, webauthn:extension:prf: true, webauthn:virtualAuthenticators: true}
Session ID: 76128ae5e404537368b520e3b6780afc
at java.base/jdk.internal.reflect.DirectConstructorHandleAccessor.newInstance(DirectConstructorHandleAccessor.java:62)
at java.base/java.lang.reflect.Constructor.newInstanceWithCaller(Constructor.java:502)
at java.base/java.lang.reflect.Constructor.newInstance(Constructor.java:486)
at org.openqa.selenium.remote.ErrorCodec.decode(ErrorCodec.java:167)
at org.openqa.selenium.remote.codec.w3c.W3CHttpResponseCodec.decode(W3CHttpResponseCodec.java:138)
at org.openqa.selenium.remote.codec.w3c.W3CHttpResponseCodec.decode(W3CHttpResponseCodec.java:50)
at org.openqa.selenium.remote.HttpCommandExecutor.execute(HttpCommandExecutor.java:190)
at org.openqa.selenium.remote.service.DriverCommandExecutor.invokeExecute(DriverCommandExecutor.java:216)
at org.openqa.selenium.remote.service.DriverCommandExecutor.execute(DriverCommandExecutor.java:174)
at org.openqa.selenium.remote.RemoteWebDriver.execute(RemoteWebDriver.java:518)
at org.openqa.selenium.remote.ElementLocation$ElementFinder$2.findElement(ElementLocation.java:165)
at org.openqa.selenium.remote.ElementLocation.findElement(ElementLocation.java:59)
at org.openqa.selenium.remote.RemoteWebDriver.findElement(RemoteWebDriver.java:355)
at org.openqa.selenium.remote.RemoteWebDriver.findElement(RemoteWebDriver.java:349)
at org.openqa.selenium.support.pagefactory.DefaultElementLocator.findElement(DefaultElementLocator.java:68)
at org.openqa.selenium.support.pagefactory.internal.LocatingElementHandler.invoke(LocatingElementHandler.java:38)
at jdk.proxy2/jdk.proxy2.$Proxy16.getText(Unknown Source)
at pages.HomePage.clickSearchInput(HomePage.java:276)
at test.SearchInput.SearchInputTest(SearchInput.java:27)
at java.base/jdk.internal.reflect.DirectMethodHandleAccessor.invoke(DirectMethodHandleAccessor.java:103)
at java.base/java.lang.reflect.Method.invoke(Method.java:580)
at org.testng.internal.invokers.MethodInvocationHelper.invokeMethod(MethodInvocationHelper.java:139)
at org.testng.internal.invokers.TestInvoker.invokeMethod(TestInvoker.java:664)
at org.testng.internal.invokers.TestInvoker.invokeTestMethod(TestInvoker.java:227)
at org.testng.internal.invokers.MethodRunner.runInSequence(MethodRunner.java:50)
at org.testng.internal.invokers.TestInvoker$MethodInvocationAgent.invoke(TestInvoker.java:957)
at org.testng.internal.invokers.TestInvoker.invokeTestMethods(TestInvoker.java:200)
at org.testng.internal.invokers.TestMethodWorker.invokeTestMethods(TestMethodWorker.java:148)
at org.testng.internal.invokers.TestMethodWorker.run(TestMethodWorker.java:128)
at java.base/java.util.ArrayList.forEach(ArrayList.java:1597)
at org.testng.TestRunner.privateRun(TestRunner.java:848)
at org.testng.TestRunner.run(TestRunner.java:621)
at org.testng.SuiteRunner.runTest(SuiteRunner.java:443)
at org.testng.SuiteRunner.runSequentially(SuiteRunner.java:437)
at org.testng.SuiteRunner.privateRun(SuiteRunner.java:397)
at org.testng.SuiteRunner.run(SuiteRunner.java:336)
at org.testng.SuiteRunnerWorker.runSuite(SuiteRunnerWorker.java:52)
at org.testng.SuiteRunnerWorker.run(SuiteRunnerWorker.java:95)
at org.testng.TestNG.runSuitesSequentially(TestNG.java:1280)
at org.testng.TestNG.runSuitesLocally(TestNG.java:1200)
at org.testng.TestNG.runSuites(TestNG.java:1114)
at org.testng.TestNG.run(TestNG.java:1082)
at org.testng.remote.AbstractRemoteTestNG.run(AbstractRemoteTestNG.java:115)
at org.testng.remote.RemoteTestNG.initAndRun(RemoteTestNG.java:293)
at org.testng.remote.RemoteTestNG.main(RemoteTestNG.java:91)
]]>
            </full-stacktrace>
          </exception> <!-- org.openqa.selenium.NoSuchElementException -->
          <reporter-output>
          </reporter-output>
        </test-method> <!-- SearchInputTest -->
        <test-method is-config="true" signature="LaunchBrowser(java.lang.String,java.lang.String)[pri:0, instance:test.SearchInput@75c56eb9]" started-at="2024-07-30T22:44:19 IST" name="LaunchBrowser" finished-at="2024-07-30T22:44:35 IST" duration-ms="15784" status="PASS">
          <params>
            <param index="0">
              <value>
                <![CDATA[Chrome]]>
              </value>
            </param>
            <param index="1">
              <value>
                <![CDATA[https://www.bestbuy.com/]]>
              </value>
            </param>
          </params>
          <reporter-output>
          </reporter-output>
        </test-method> <!-- LaunchBrowser -->
        <test-method signature="SelectMobileTest(java.lang.String,java.lang.String)[pri:0, instance:test.SearchInput@75c56eb9]" started-at="2024-07-30T22:44:35 IST" name="SelectMobileTest" data-provider="Data" finished-at="2024-07-30T22:44:55 IST" duration-ms="19845" status="FAIL">
          <params>
            <param index="0">
              <value>
                <![CDATA[mobiles]]>
              </value>
            </param>
            <param index="1">
              <value>
                <![CDATA[valid]]>
              </value>
            </param>
          </params>
          <exception class="java.lang.AssertionError">
            <message>
              <![CDATA[The following asserts failed:
expected [mobiles - Best Buy] but found [Best Buy | Official Online Store | Shop Now & Save]]]>
            </message>
            <full-stacktrace>
              <![CDATA[java.lang.AssertionError: The following asserts failed:
expected [mobiles - Best Buy] but found [Best Buy | Official Online Store | Shop Now & Save]
at org.testng.asserts.SoftAssert.assertAll(SoftAssert.java:46)
at org.testng.asserts.SoftAssert.assertAll(SoftAssert.java:30)
at pages.HomePage.clickSearchInput(HomePage.java:272)
at test.SearchInput.SelectMobileTest(SearchInput.java:36)
at java.base/jdk.internal.reflect.DirectMethodHandleAccessor.invoke(DirectMethodHandleAccessor.java:103)
at java.base/java.lang.reflect.Method.invoke(Method.java:580)
at org.testng.internal.invokers.MethodInvocationHelper.invokeMethod(MethodInvocationHelper.java:139)
at org.testng.internal.invokers.TestInvoker.invokeMethod(TestInvoker.java:664)
at org.testng.internal.invokers.TestInvoker.invokeTestMethod(TestInvoker.java:227)
at org.testng.internal.invokers.MethodRunner.runInSequence(MethodRunner.java:50)
at org.testng.internal.invokers.TestInvoker$MethodInvocationAgent.invoke(TestInvoker.java:957)
at org.testng.internal.invokers.TestInvoker.invokeTestMethods(TestInvoker.java:200)
at org.testng.internal.invokers.TestMethodWorker.invokeTestMethods(TestMethodWorker.java:148)
at org.testng.internal.invokers.TestMethodWorker.run(TestMethodWorker.java:128)
at java.base/java.util.ArrayList.forEach(ArrayList.java:1597)
at org.testng.TestRunner.privateRun(TestRunner.java:848)
at org.testng.TestRunner.run(TestRunner.java:621)
at org.testng.SuiteRunner.runTest(SuiteRunner.java:443)
at org.testng.SuiteRunner.runSequentially(SuiteRunner.java:437)
at org.testng.SuiteRunner.privateRun(SuiteRunner.java:397)
at org.testng.SuiteRunner.run(SuiteRunner.java:336)
at org.testng.SuiteRunnerWorker.runSuite(SuiteRunnerWorker.java:52)
at org.testng.SuiteRunnerWorker.run(SuiteRunnerWorker.java:95)
at org.testng.TestNG.runSuitesSequentially(TestNG.java:1280)
at org.testng.TestNG.runSuitesLocally(TestNG.java:1200)
at org.testng.TestNG.runSuites(TestNG.java:1114)
at org.testng.TestNG.run(TestNG.java:1082)
at org.testng.remote.AbstractRemoteTestNG.run(AbstractRemoteTestNG.java:115)
at org.testng.remote.RemoteTestNG.initAndRun(RemoteTestNG.java:293)
at org.testng.remote.RemoteTestNG.main(RemoteTestNG.java:91)
]]>
            </full-stacktrace>
          </exception> <!-- java.lang.AssertionError -->
          <reporter-output>
          </reporter-output>
        </test-method> <!-- SelectMobileTest -->
        <test-method is-config="true" signature="LaunchBrowser(java.lang.String,java.lang.String)[pri:0, instance:test.SearchInput@75c56eb9]" started-at="2024-07-30T22:44:55 IST" name="LaunchBrowser" finished-at="2024-07-30T22:45:14 IST" duration-ms="18301" status="PASS">
          <params>
            <param index="0">
              <value>
                <![CDATA[Chrome]]>
              </value>
            </param>
            <param index="1">
              <value>
                <![CDATA[https://www.bestbuy.com/]]>
              </value>
            </param>
          </params>
          <reporter-output>
          </reporter-output>
        </test-method> <!-- LaunchBrowser -->
        <test-method signature="SelectMobileTest(java.lang.String,java.lang.String)[pri:0, instance:test.SearchInput@75c56eb9]" started-at="2024-07-30T22:45:14 IST" name="SelectMobileTest" data-provider="Data" finished-at="2024-07-30T22:45:57 IST" duration-ms="43527" status="FAIL">
          <params>
            <param index="0">
              <value>
                <![CDATA[$$$$]]>
              </value>
            </param>
            <param index="1">
              <value>
                <![CDATA[invalid]]>
              </value>
            </param>
          </params>
          <exception class="org.openqa.selenium.NoSuchElementException">
            <message>
              <![CDATA[no such element: Unable to locate element: {"method":"xpath","selector":"(//a[text()='Boost Mobile - moto g play 2024 64GB Prepaid - Black'])[1]"}
  (Session info: chrome=127.0.6533.73)
For documentation on this error, please visit: https://www.selenium.dev/documentation/webdriver/troubleshooting/errors#no-such-element-exception
Build info: version: '4.21.0', revision: '79ed462ef4'
System info: os.name: 'Windows 10', os.arch: 'amd64', os.version: '10.0', java.version: '22.0.1'
Driver info: org.openqa.selenium.chrome.ChromeDriver
Command: [c47e6df686b9a0b7ea0a8fa8354dc9d6, findElement {value=(//a[text()='Boost Mobile - moto g play 2024 64GB Prepaid - Black'])[1], using=xpath}]
Capabilities {acceptInsecureCerts: false, browserName: chrome, browserVersion: 127.0.6533.73, chrome: {chromedriverVersion: 127.0.6533.72 (9755e24ca85a..., userDataDir: C:\Users\USER\AppData\Local...}, fedcm:accounts: true, goog:chromeOptions: {debuggerAddress: localhost:61570}, networkConnectionEnabled: false, pageLoadStrategy: normal, platformName: windows, proxy: Proxy(), se:cdp: ws://localhost:61570/devtoo..., se:cdpVersion: 127.0.6533.73, setWindowRect: true, strictFileInteractability: false, timeouts: {implicit: 0, pageLoad: 300000, script: 30000}, unhandledPromptBehavior: dismiss and notify, webauthn:extension:credBlob: true, webauthn:extension:largeBlob: true, webauthn:extension:minPinLength: true, webauthn:extension:prf: true, webauthn:virtualAuthenticators: true}
Session ID: c47e6df686b9a0b7ea0a8fa8354dc9d6]]>
            </message>
            <full-stacktrace>
              <![CDATA[org.openqa.selenium.NoSuchElementException: no such element: Unable to locate element: {"method":"xpath","selector":"(//a[text()='Boost Mobile - moto g play 2024 64GB Prepaid - Black'])[1]"}
  (Session info: chrome=127.0.6533.73)
For documentation on this error, please visit: https://www.selenium.dev/documentation/webdriver/troubleshooting/errors#no-such-element-exception
Build info: version: '4.21.0', revision: '79ed462ef4'
System info: os.name: 'Windows 10', os.arch: 'amd64', os.version: '10.0', java.version: '22.0.1'
Driver info: org.openqa.selenium.chrome.ChromeDriver
Command: [c47e6df686b9a0b7ea0a8fa8354dc9d6, findElement {value=(//a[text()='Boost Mobile - moto g play 2024 64GB Prepaid - Black'])[1], using=xpath}]
Capabilities {acceptInsecureCerts: false, browserName: chrome, browserVersion: 127.0.6533.73, chrome: {chromedriverVersion: 127.0.6533.72 (9755e24ca85a..., userDataDir: C:\Users\USER\AppData\Local...}, fedcm:accounts: true, goog:chromeOptions: {debuggerAddress: localhost:61570}, networkConnectionEnabled: false, pageLoadStrategy: normal, platformName: windows, proxy: Proxy(), se:cdp: ws://localhost:61570/devtoo..., se:cdpVersion: 127.0.6533.73, setWindowRect: true, strictFileInteractability: false, timeouts: {implicit: 0, pageLoad: 300000, script: 30000}, unhandledPromptBehavior: dismiss and notify, webauthn:extension:credBlob: true, webauthn:extension:largeBlob: true, webauthn:extension:minPinLength: true, webauthn:extension:prf: true, webauthn:virtualAuthenticators: true}
Session ID: c47e6df686b9a0b7ea0a8fa8354dc9d6
at java.base/jdk.internal.reflect.DirectConstructorHandleAccessor.newInstance(DirectConstructorHandleAccessor.java:62)
at java.base/java.lang.reflect.Constructor.newInstanceWithCaller(Constructor.java:502)
at java.base/java.lang.reflect.Constructor.newInstance(Constructor.java:486)
at org.openqa.selenium.remote.ErrorCodec.decode(ErrorCodec.java:167)
at org.openqa.selenium.remote.codec.w3c.W3CHttpResponseCodec.decode(W3CHttpResponseCodec.java:138)
at org.openqa.selenium.remote.codec.w3c.W3CHttpResponseCodec.decode(W3CHttpResponseCodec.java:50)
at org.openqa.selenium.remote.HttpCommandExecutor.execute(HttpCommandExecutor.java:190)
at org.openqa.selenium.remote.service.DriverCommandExecutor.invokeExecute(DriverCommandExecutor.java:216)
at org.openqa.selenium.remote.service.DriverCommandExecutor.execute(DriverCommandExecutor.java:174)
at org.openqa.selenium.remote.RemoteWebDriver.execute(RemoteWebDriver.java:518)
at org.openqa.selenium.remote.ElementLocation$ElementFinder$2.findElement(ElementLocation.java:165)
at org.openqa.selenium.remote.ElementLocation.findElement(ElementLocation.java:59)
at org.openqa.selenium.remote.RemoteWebDriver.findElement(RemoteWebDriver.java:355)
at org.openqa.selenium.remote.RemoteWebDriver.findElement(RemoteWebDriver.java:349)
at org.openqa.selenium.support.pagefactory.DefaultElementLocator.findElement(DefaultElementLocator.java:68)
at org.openqa.selenium.support.pagefactory.internal.LocatingElementHandler.invoke(LocatingElementHandler.java:38)
at jdk.proxy2/jdk.proxy2.$Proxy16.click(Unknown Source)
at pages.MobilePage.clickSelectMobile(MobilePage.java:30)
at test.SearchInput.SelectMobileTest(SearchInput.java:37)
at java.base/jdk.internal.reflect.DirectMethodHandleAccessor.invoke(DirectMethodHandleAccessor.java:103)
at java.base/java.lang.reflect.Method.invoke(Method.java:580)
at org.testng.internal.invokers.MethodInvocationHelper.invokeMethod(MethodInvocationHelper.java:139)
at org.testng.internal.invokers.TestInvoker.invokeMethod(TestInvoker.java:664)
at org.testng.internal.invokers.TestInvoker.invokeTestMethod(TestInvoker.java:227)
at org.testng.internal.invokers.MethodRunner.runInSequence(MethodRunner.java:50)
at org.testng.internal.invokers.TestInvoker$MethodInvocationAgent.invoke(TestInvoker.java:957)
at org.testng.internal.invokers.TestInvoker.invokeTestMethods(TestInvoker.java:200)
at org.testng.internal.invokers.TestMethodWorker.invokeTestMethods(TestMethodWorker.java:148)
at org.testng.internal.invokers.TestMethodWorker.run(TestMethodWorker.java:128)
at java.base/java.util.ArrayList.forEach(ArrayList.java:1597)
at org.testng.TestRunner.privateRun(TestRunner.java:848)
at org.testng.TestRunner.run(TestRunner.java:621)
at org.testng.SuiteRunner.runTest(SuiteRunner.java:443)
at org.testng.SuiteRunner.runSequentially(SuiteRunner.java:437)
at org.testng.SuiteRunner.privateRun(SuiteRunner.java:397)
at org.testng.SuiteRunner.run(SuiteRunner.java:336)
at org.testng.SuiteRunnerWorker.runSuite(SuiteRunnerWorker.java:52)
at org.testng.SuiteRunnerWorker.run(SuiteRunnerWorker.java:95)
at org.testng.TestNG.runSuitesSequentially(TestNG.java:1280)
at org.testng.TestNG.runSuitesLocally(TestNG.java:1200)
at org.testng.TestNG.runSuites(TestNG.java:1114)
at org.testng.TestNG.run(TestNG.java:1082)
at org.testng.remote.AbstractRemoteTestNG.run(AbstractRemoteTestNG.java:115)
at org.testng.remote.RemoteTestNG.initAndRun(RemoteTestNG.java:293)
at org.testng.remote.RemoteTestNG.main(RemoteTestNG.java:91)
]]>
            </full-stacktrace>
          </exception> <!-- org.openqa.selenium.NoSuchElementException -->
          <reporter-output>
          </reporter-output>
        </test-method> <!-- SelectMobileTest -->
      </class> <!-- test.SearchInput -->
      <class name="test.ShopByBrands">
        <test-method is-config="true" signature="LaunchBrowser(java.lang.String,java.lang.String)[pri:0, instance:test.ShopByBrands@2dc9b0f5]" started-at="2024-07-30T22:46:57 IST" name="LaunchBrowser" finished-at="2024-07-30T22:47:14 IST" duration-ms="16701" status="PASS">
          <params>
            <param index="0">
              <value>
                <![CDATA[Chrome]]>
              </value>
            </param>
            <param index="1">
              <value>
                <![CDATA[https://www.bestbuy.com/]]>
              </value>
            </param>
          </params>
          <reporter-output>
          </reporter-output>
        </test-method> <!-- LaunchBrowser -->
        <test-method signature="ShopByBrandsTest()[pri:0, instance:test.ShopByBrands@2dc9b0f5]" started-at="2024-07-30T22:47:14 IST" name="ShopByBrandsTest" finished-at="2024-07-30T22:48:06 IST" duration-ms="51737" status="PASS">
          <reporter-output>
          </reporter-output>
        </test-method> <!-- ShopByBrandsTest -->
      </class> <!-- test.ShopByBrands -->
      <class name="test.ShopByDepartment">
        <test-method is-config="true" signature="LaunchBrowser(java.lang.String,java.lang.String)[pri:0, instance:test.ShopByDepartment@4bc222e]" started-at="2024-07-30T22:45:58 IST" name="LaunchBrowser" finished-at="2024-07-30T22:46:13 IST" duration-ms="15610" status="PASS">
          <params>
            <param index="0">
              <value>
                <![CDATA[Chrome]]>
              </value>
            </param>
            <param index="1">
              <value>
                <![CDATA[https://www.bestbuy.com/]]>
              </value>
            </param>
          </params>
          <reporter-output>
          </reporter-output>
        </test-method> <!-- LaunchBrowser -->
        <test-method signature="ShopByDepttest()[pri:0, instance:test.ShopByDepartment@4bc222e]" started-at="2024-07-30T22:46:13 IST" name="ShopByDepttest" finished-at="2024-07-30T22:46:57 IST" duration-ms="43691" status="PASS">
          <reporter-output>
          </reporter-output>
        </test-method> <!-- ShopByDepttest -->
      </class> <!-- test.ShopByDepartment -->
      <class name="test.CheckOut">
        <test-method is-config="true" signature="setUp()[pri:0, instance:test.CheckOut@6531a794]" started-at="2024-07-30T22:20:11 IST" name="setUp" finished-at="2024-07-30T22:20:11 IST" duration-ms="30" status="PASS">
          <reporter-output>
          </reporter-output>
        </test-method> <!-- setUp -->
        <test-method is-config="true" signature="LaunchBrowser(java.lang.String,java.lang.String)[pri:0, instance:test.CheckOut@6531a794]" started-at="2024-07-30T22:48:07 IST" name="LaunchBrowser" finished-at="2024-07-30T22:48:26 IST" duration-ms="19558" status="PASS">
          <params>
            <param index="0">
              <value>
                <![CDATA[Chrome]]>
              </value>
            </param>
            <param index="1">
              <value>
                <![CDATA[https://www.bestbuy.com/]]>
              </value>
            </param>
          </params>
          <reporter-output>
          </reporter-output>
        </test-method> <!-- LaunchBrowser -->
        <test-method signature="CheckOutTest(java.lang.String,java.lang.String,java.lang.String,java.lang.String,java.lang.String,java.lang.String,java.lang.String,java.lang.String,java.lang.String,java.lang.String,java.lang.String,java.lang.String,java.lang.String)[pri:0, instance:test.CheckOut@6531a794]" started-at="2024-07-30T22:48:26 IST" name="CheckOutTest" data-provider="Data" finished-at="2024-07-30T22:48:52 IST" duration-ms="25769" status="FAIL">
          <params>
            <param index="0">
              <value>
                <![CDATA[supriyapalani28@gmail.com]]>
              </value>
            </param>
            <param index="1">
              <value>
                <![CDATA[9042281169]]>
              </value>
            </param>
            <param index="2">
              <value>
                <![CDATA[Valid]]>
              </value>
            </param>
            <param index="3">
              <value>
                <![CDATA[4242424242424240]]>
              </value>
            </param>
            <param index="4">
              <value>
                <![CDATA[0730]]>
              </value>
            </param>
            <param index="5">
              <value>
                <![CDATA[323]]>
              </value>
            </param>
            <param index="6">
              <value>
                <![CDATA[Supriya]]>
              </value>
            </param>
            <param index="7">
              <value>
                <![CDATA[Nethaji]]>
              </value>
            </param>
            <param index="8">
              <value>
                <![CDATA[1600 Amphitheatre Pkwy]]>
              </value>
            </param>
            <param index="9">
              <value>
                <![CDATA[Mountain View]]>
              </value>
            </param>
            <param index="10">
              <value>
                <![CDATA[CA]]>
              </value>
            </param>
            <param index="11">
              <value>
                <![CDATA[94043]]>
              </value>
            </param>
            <param index="12">
              <value>
                <![CDATA[valid]]>
              </value>
            </param>
          </params>
          <exception class="org.openqa.selenium.ElementClickInterceptedException">
            <message>
              <![CDATA[element click intercepted: Element <a href="Javascript:void(0);" class="link-element" data-track="[context:widgetType=secondaryNavigation,linkContent=...,linkRegion=12 Column Row,linkPlacement=c1w1i2]" role="button" aria-expanded="false">Cameras</a> is not clickable at point (643, 313). Other element would receive the click: <div class="survey_bold survey_larger">...</div>
  (Session info: chrome=127.0.6533.73)
Build info: version: '4.21.0', revision: '79ed462ef4'
System info: os.name: 'Windows 10', os.arch: 'amd64', os.version: '10.0', java.version: '22.0.1'
Driver info: org.openqa.selenium.chrome.ChromeDriver
Command: [d4a6b298a1f48c2d5cb51dc1588348b0, clickElement {id=f.FD0E0AC6862D536EDD42C747F4C4C7A2.d.AF99C845707FA212BA571EB560636D9A.e.193}]
Capabilities {acceptInsecureCerts: false, browserName: chrome, browserVersion: 127.0.6533.73, chrome: {chromedriverVersion: 127.0.6533.72 (9755e24ca85a..., userDataDir: C:\Users\USER\AppData\Local...}, fedcm:accounts: true, goog:chromeOptions: {debuggerAddress: localhost:62028}, networkConnectionEnabled: false, pageLoadStrategy: normal, platformName: windows, proxy: Proxy(), se:cdp: ws://localhost:62028/devtoo..., se:cdpVersion: 127.0.6533.73, setWindowRect: true, strictFileInteractability: false, timeouts: {implicit: 0, pageLoad: 300000, script: 30000}, unhandledPromptBehavior: dismiss and notify, webauthn:extension:credBlob: true, webauthn:extension:largeBlob: true, webauthn:extension:minPinLength: true, webauthn:extension:prf: true, webauthn:virtualAuthenticators: true}
Element: [[ChromeDriver: chrome on windows (d4a6b298a1f48c2d5cb51dc1588348b0)] -> xpath: //a[text()='Cameras']]
Session ID: d4a6b298a1f48c2d5cb51dc1588348b0]]>
            </message>
            <full-stacktrace>
              <![CDATA[org.openqa.selenium.ElementClickInterceptedException: element click intercepted: Element <a href="Javascript:void(0);" class="link-element" data-track="[context:widgetType=secondaryNavigation,linkContent=...,linkRegion=12 Column Row,linkPlacement=c1w1i2]" role="button" aria-expanded="false">Cameras</a> is not clickable at point (643, 313). Other element would receive the click: <div class="survey_bold survey_larger">...</div>
  (Session info: chrome=127.0.6533.73)
Build info: version: '4.21.0', revision: '79ed462ef4'
System info: os.name: 'Windows 10', os.arch: 'amd64', os.version: '10.0', java.version: '22.0.1'
Driver info: org.openqa.selenium.chrome.ChromeDriver
Command: [d4a6b298a1f48c2d5cb51dc1588348b0, clickElement {id=f.FD0E0AC6862D536EDD42C747F4C4C7A2.d.AF99C845707FA212BA571EB560636D9A.e.193}]
Capabilities {acceptInsecureCerts: false, browserName: chrome, browserVersion: 127.0.6533.73, chrome: {chromedriverVersion: 127.0.6533.72 (9755e24ca85a..., userDataDir: C:\Users\USER\AppData\Local...}, fedcm:accounts: true, goog:chromeOptions: {debuggerAddress: localhost:62028}, networkConnectionEnabled: false, pageLoadStrategy: normal, platformName: windows, proxy: Proxy(), se:cdp: ws://localhost:62028/devtoo..., se:cdpVersion: 127.0.6533.73, setWindowRect: true, strictFileInteractability: false, timeouts: {implicit: 0, pageLoad: 300000, script: 30000}, unhandledPromptBehavior: dismiss and notify, webauthn:extension:credBlob: true, webauthn:extension:largeBlob: true, webauthn:extension:minPinLength: true, webauthn:extension:prf: true, webauthn:virtualAuthenticators: true}
Element: [[ChromeDriver: chrome on windows (d4a6b298a1f48c2d5cb51dc1588348b0)] -> xpath: //a[text()='Cameras']]
Session ID: d4a6b298a1f48c2d5cb51dc1588348b0
at java.base/jdk.internal.reflect.DirectConstructorHandleAccessor.newInstance(DirectConstructorHandleAccessor.java:62)
at java.base/java.lang.reflect.Constructor.newInstanceWithCaller(Constructor.java:502)
at java.base/java.lang.reflect.Constructor.newInstance(Constructor.java:486)
at org.openqa.selenium.remote.ErrorCodec.decode(ErrorCodec.java:167)
at org.openqa.selenium.remote.codec.w3c.W3CHttpResponseCodec.decode(W3CHttpResponseCodec.java:138)
at org.openqa.selenium.remote.codec.w3c.W3CHttpResponseCodec.decode(W3CHttpResponseCodec.java:50)
at org.openqa.selenium.remote.HttpCommandExecutor.execute(HttpCommandExecutor.java:190)
at org.openqa.selenium.remote.service.DriverCommandExecutor.invokeExecute(DriverCommandExecutor.java:216)
at org.openqa.selenium.remote.service.DriverCommandExecutor.execute(DriverCommandExecutor.java:174)
at org.openqa.selenium.remote.RemoteWebDriver.execute(RemoteWebDriver.java:518)
at org.openqa.selenium.remote.RemoteWebElement.execute(RemoteWebElement.java:223)
at org.openqa.selenium.remote.RemoteWebElement.click(RemoteWebElement.java:76)
at java.base/jdk.internal.reflect.DirectMethodHandleAccessor.invoke(DirectMethodHandleAccessor.java:103)
at java.base/java.lang.reflect.Method.invoke(Method.java:580)
at org.openqa.selenium.support.pagefactory.internal.LocatingElementHandler.invoke(LocatingElementHandler.java:51)
at jdk.proxy2/jdk.proxy2.$Proxy16.click(Unknown Source)
at pages.SonyPage.clickSonyCameras(SonyPage.java:33)
at test.CheckOut.CheckOutTest(CheckOut.java:35)
at java.base/jdk.internal.reflect.DirectMethodHandleAccessor.invoke(DirectMethodHandleAccessor.java:103)
at java.base/java.lang.reflect.Method.invoke(Method.java:580)
at org.testng.internal.invokers.MethodInvocationHelper.invokeMethod(MethodInvocationHelper.java:139)
at org.testng.internal.invokers.TestInvoker.invokeMethod(TestInvoker.java:664)
at org.testng.internal.invokers.TestInvoker.invokeTestMethod(TestInvoker.java:227)
at org.testng.internal.invokers.MethodRunner.runInSequence(MethodRunner.java:50)
at org.testng.internal.invokers.TestInvoker$MethodInvocationAgent.invoke(TestInvoker.java:957)
at org.testng.internal.invokers.TestInvoker.invokeTestMethods(TestInvoker.java:200)
at org.testng.internal.invokers.TestMethodWorker.invokeTestMethods(TestMethodWorker.java:148)
at org.testng.internal.invokers.TestMethodWorker.run(TestMethodWorker.java:128)
at java.base/java.util.ArrayList.forEach(ArrayList.java:1597)
at org.testng.TestRunner.privateRun(TestRunner.java:848)
at org.testng.TestRunner.run(TestRunner.java:621)
at org.testng.SuiteRunner.runTest(SuiteRunner.java:443)
at org.testng.SuiteRunner.runSequentially(SuiteRunner.java:437)
at org.testng.SuiteRunner.privateRun(SuiteRunner.java:397)
at org.testng.SuiteRunner.run(SuiteRunner.java:336)
at org.testng.SuiteRunnerWorker.runSuite(SuiteRunnerWorker.java:52)
at org.testng.SuiteRunnerWorker.run(SuiteRunnerWorker.java:95)
at org.testng.TestNG.runSuitesSequentially(TestNG.java:1280)
at org.testng.TestNG.runSuitesLocally(TestNG.java:1200)
at org.testng.TestNG.runSuites(TestNG.java:1114)
at org.testng.TestNG.run(TestNG.java:1082)
at org.testng.remote.AbstractRemoteTestNG.run(AbstractRemoteTestNG.java:115)
at org.testng.remote.RemoteTestNG.initAndRun(RemoteTestNG.java:293)
at org.testng.remote.RemoteTestNG.main(RemoteTestNG.java:91)
]]>
            </full-stacktrace>
          </exception> <!-- org.openqa.selenium.ElementClickInterceptedException -->
          <reporter-output>
          </reporter-output>
        </test-method> <!-- CheckOutTest -->
        <test-method is-config="true" signature="LaunchBrowser(java.lang.String,java.lang.String)[pri:0, instance:test.CheckOut@6531a794]" started-at="2024-07-30T22:48:52 IST" name="LaunchBrowser" finished-at="2024-07-30T22:49:10 IST" duration-ms="17433" status="PASS">
          <params>
            <param index="0">
              <value>
                <![CDATA[Chrome]]>
              </value>
            </param>
            <param index="1">
              <value>
                <![CDATA[https://www.bestbuy.com/]]>
              </value>
            </param>
          </params>
          <reporter-output>
          </reporter-output>
        </test-method> <!-- LaunchBrowser -->
        <test-method signature="CheckOutTest(java.lang.String,java.lang.String,java.lang.String,java.lang.String,java.lang.String,java.lang.String,java.lang.String,java.lang.String,java.lang.String,java.lang.String,java.lang.String,java.lang.String,java.lang.String)[pri:0, instance:test.CheckOut@6531a794]" started-at="2024-07-30T22:49:10 IST" name="CheckOutTest" data-provider="Data" finished-at="2024-07-30T22:50:40 IST" duration-ms="90387" status="PASS">
          <params>
            <param index="0">
              <value>
                <![CDATA[su']]>
              </value>
            </param>
            <param index="1">
              <value>
                <![CDATA[9042281169]]>
              </value>
            </param>
            <param index="2">
              <value>
                <![CDATA[InvalidEmail]]>
              </value>
            </param>
            <param index="3">
              <value>
                <![CDATA[424242424242]]>
              </value>
            </param>
            <param index="4">
              <value>
                <![CDATA[0730]]>
              </value>
            </param>
            <param index="5">
              <value>
                <![CDATA[323]]>
              </value>
            </param>
            <param index="6">
              <value>
                <![CDATA[Supriya]]>
              </value>
            </param>
            <param index="7">
              <value>
                <![CDATA[Nethaji]]>
              </value>
            </param>
            <param index="8">
              <value>
                <![CDATA[1600 Amphitheatre Pkwy]]>
              </value>
            </param>
            <param index="9">
              <value>
                <![CDATA[Mountain View]]>
              </value>
            </param>
            <param index="10">
              <value>
                <![CDATA[CA]]>
              </value>
            </param>
            <param index="11">
              <value>
                <![CDATA[94043]]>
              </value>
            </param>
            <param index="12">
              <value>
                <![CDATA[InvalidCard]]>
              </value>
            </param>
          </params>
          <reporter-output>
          </reporter-output>
        </test-method> <!-- CheckOutTest -->
        <test-method is-config="true" signature="LaunchBrowser(java.lang.String,java.lang.String)[pri:0, instance:test.CheckOut@6531a794]" started-at="2024-07-30T22:50:40 IST" name="LaunchBrowser" finished-at="2024-07-30T22:50:57 IST" duration-ms="16459" status="PASS">
          <params>
            <param index="0">
              <value>
                <![CDATA[Chrome]]>
              </value>
            </param>
            <param index="1">
              <value>
                <![CDATA[https://www.bestbuy.com/]]>
              </value>
            </param>
          </params>
          <reporter-output>
          </reporter-output>
        </test-method> <!-- LaunchBrowser -->
        <test-method signature="CheckOutTest(java.lang.String,java.lang.String,java.lang.String,java.lang.String,java.lang.String,java.lang.String,java.lang.String,java.lang.String,java.lang.String,java.lang.String,java.lang.String,java.lang.String,java.lang.String)[pri:0, instance:test.CheckOut@6531a794]" started-at="2024-07-30T22:50:57 IST" name="CheckOutTest" data-provider="Data" finished-at="2024-07-30T22:52:16 IST" duration-ms="78558" status="PASS">
          <params>
            <param index="0">
              <value>
                <![CDATA[,]]>
              </value>
            </param>
            <param index="1">
              <value>
                <![CDATA[,]]>
              </value>
            </param>
            <param index="2">
              <value>
                <![CDATA[InvalidData]]>
              </value>
            </param>
            <param index="3">
              <value>
                <![CDATA[4242424242424240]]>
              </value>
            </param>
            <param index="4">
              <value>
                <![CDATA[0723]]>
              </value>
            </param>
            <param index="5">
              <value>
                <![CDATA[0]]>
              </value>
            </param>
            <param index="6">
              <value>
                <![CDATA[Supriya]]>
              </value>
            </param>
            <param index="7">
              <value>
                <![CDATA[Nethaji]]>
              </value>
            </param>
            <param index="8">
              <value>
                <![CDATA[1600 Amphitheatre Pkwy]]>
              </value>
            </param>
            <param index="9">
              <value>
                <![CDATA[Mountain View]]>
              </value>
            </param>
            <param index="10">
              <value>
                <![CDATA[CA]]>
              </value>
            </param>
            <param index="11">
              <value>
                <![CDATA[94043]]>
              </value>
            </param>
            <param index="12">
              <value>
                <![CDATA[InvalidCvv]]>
              </value>
            </param>
          </params>
          <reporter-output>
          </reporter-output>
        </test-method> <!-- CheckOutTest -->
        <test-method is-config="true" signature="LaunchBrowser(java.lang.String,java.lang.String)[pri:0, instance:test.CheckOut@6531a794]" started-at="2024-07-30T22:52:16 IST" name="LaunchBrowser" finished-at="2024-07-30T22:52:35 IST" duration-ms="18831" status="PASS">
          <params>
            <param index="0">
              <value>
                <![CDATA[Chrome]]>
              </value>
            </param>
            <param index="1">
              <value>
                <![CDATA[https://www.bestbuy.com/]]>
              </value>
            </param>
          </params>
          <reporter-output>
          </reporter-output>
        </test-method> <!-- LaunchBrowser -->
        <test-method signature="CheckOutTest(java.lang.String,java.lang.String,java.lang.String,java.lang.String,java.lang.String,java.lang.String,java.lang.String,java.lang.String,java.lang.String,java.lang.String,java.lang.String,java.lang.String,java.lang.String)[pri:0, instance:test.CheckOut@6531a794]" started-at="2024-07-30T22:52:35 IST" name="CheckOutTest" data-provider="Data" finished-at="2024-07-30T22:53:56 IST" duration-ms="81630" status="PASS">
          <params>
            <param index="0">
              <value>
                <![CDATA[supriyapalani28@gmail.com]]>
              </value>
            </param>
            <param index="1">
              <value>
                <![CDATA[9564556]]>
              </value>
            </param>
            <param index="2">
              <value>
                <![CDATA[InvalidPhone]]>
              </value>
            </param>
            <param index="3">
              <value>
                <![CDATA[4242424242424240]]>
              </value>
            </param>
            <param index="4">
              <value>
                <![CDATA[0723]]>
              </value>
            </param>
            <param index="5">
              <value>
                <![CDATA[323]]>
              </value>
            </param>
            <param index="6">
              <value>
                <![CDATA[,]]>
              </value>
            </param>
            <param index="7">
              <value>
                <![CDATA[,]]>
              </value>
            </param>
            <param index="8">
              <value>
                <![CDATA[1600 Amphitheatre Pkwy]]>
              </value>
            </param>
            <param index="9">
              <value>
                <![CDATA[Mountain View]]>
              </value>
            </param>
            <param index="10">
              <value>
                <![CDATA[CA]]>
              </value>
            </param>
            <param index="11">
              <value>
                <![CDATA[94043]]>
              </value>
            </param>
            <param index="12">
              <value>
                <![CDATA[BlankFnameLname]]>
              </value>
            </param>
          </params>
          <reporter-output>
          </reporter-output>
        </test-method> <!-- CheckOutTest -->
      </class> <!-- test.CheckOut -->
      <class name="test.Signup">
        <test-method is-config="true" signature="setUp()[pri:0, instance:test.Signup@6f8e8894]" started-at="2024-07-30T22:20:11 IST" name="setUp" finished-at="2024-07-30T22:20:11 IST" duration-ms="1" status="PASS">
          <reporter-output>
          </reporter-output>
        </test-method> <!-- setUp -->
        <test-method is-config="true" signature="LaunchBrowser(java.lang.String,java.lang.String)[pri:0, instance:test.Signup@6f8e8894]" started-at="2024-07-30T22:20:13 IST" name="LaunchBrowser" finished-at="2024-07-30T22:20:32 IST" duration-ms="18995" status="PASS">
          <params>
            <param index="0">
              <value>
                <![CDATA[Chrome]]>
              </value>
            </param>
            <param index="1">
              <value>
                <![CDATA[https://www.bestbuy.com/]]>
              </value>
            </param>
          </params>
          <reporter-output>
          </reporter-output>
        </test-method> <!-- LaunchBrowser -->
        <test-method signature="Account(java.lang.String,java.lang.String,java.lang.String,java.lang.String,java.lang.String,java.lang.String,java.lang.String)[pri:0, instance:test.Signup@6f8e8894]" started-at="2024-07-30T22:20:32 IST" name="Account" data-provider="Data" finished-at="2024-07-30T22:21:20 IST" duration-ms="48180" status="FAIL">
          <params>
            <param index="0">
              <value>
                <![CDATA[Shiyam]]>
              </value>
            </param>
            <param index="1">
              <value>
                <![CDATA[Sundar]]>
              </value>
            </param>
            <param index="2">
              <value>
                <![CDATA[Shiyam234@gmail.com]]>
              </value>
            </param>
            <param index="3">
              <value>
                <![CDATA[Shiyam@234]]>
              </value>
            </param>
            <param index="4">
              <value>
                <![CDATA[Shiyam@234]]>
              </value>
            </param>
            <param index="5">
              <value>
                <![CDATA[9564525640]]>
              </value>
            </param>
            <param index="6">
              <value>
                <![CDATA[Valid]]>
              </value>
            </param>
          </params>
          <exception class="org.openqa.selenium.NoSuchElementException">
            <message>
              <![CDATA[no such element: Unable to locate element: {"method":"xpath","selector":"//span[text()='Hi, Wonder']"}
  (Session info: chrome=127.0.6533.73)
For documentation on this error, please visit: https://www.selenium.dev/documentation/webdriver/troubleshooting/errors#no-such-element-exception
Build info: version: '4.21.0', revision: '79ed462ef4'
System info: os.name: 'Windows 10', os.arch: 'amd64', os.version: '10.0', java.version: '22.0.1'
Driver info: org.openqa.selenium.chrome.ChromeDriver
Command: [bf9e8238fb97df0f0f2396e474156423, findElement {value=//span[text()='Hi, Wonder'], using=xpath}]
Capabilities {acceptInsecureCerts: false, browserName: chrome, browserVersion: 127.0.6533.73, chrome: {chromedriverVersion: 127.0.6533.72 (9755e24ca85a..., userDataDir: C:\Users\USER\AppData\Local...}, fedcm:accounts: true, goog:chromeOptions: {debuggerAddress: localhost:57167}, networkConnectionEnabled: false, pageLoadStrategy: normal, platformName: windows, proxy: Proxy(), se:cdp: ws://localhost:57167/devtoo..., se:cdpVersion: 127.0.6533.73, setWindowRect: true, strictFileInteractability: false, timeouts: {implicit: 0, pageLoad: 300000, script: 30000}, unhandledPromptBehavior: dismiss and notify, webauthn:extension:credBlob: true, webauthn:extension:largeBlob: true, webauthn:extension:minPinLength: true, webauthn:extension:prf: true, webauthn:virtualAuthenticators: true}
Session ID: bf9e8238fb97df0f0f2396e474156423]]>
            </message>
            <full-stacktrace>
              <![CDATA[org.openqa.selenium.NoSuchElementException: no such element: Unable to locate element: {"method":"xpath","selector":"//span[text()='Hi, Wonder']"}
  (Session info: chrome=127.0.6533.73)
For documentation on this error, please visit: https://www.selenium.dev/documentation/webdriver/troubleshooting/errors#no-such-element-exception
Build info: version: '4.21.0', revision: '79ed462ef4'
System info: os.name: 'Windows 10', os.arch: 'amd64', os.version: '10.0', java.version: '22.0.1'
Driver info: org.openqa.selenium.chrome.ChromeDriver
Command: [bf9e8238fb97df0f0f2396e474156423, findElement {value=//span[text()='Hi, Wonder'], using=xpath}]
Capabilities {acceptInsecureCerts: false, browserName: chrome, browserVersion: 127.0.6533.73, chrome: {chromedriverVersion: 127.0.6533.72 (9755e24ca85a..., userDataDir: C:\Users\USER\AppData\Local...}, fedcm:accounts: true, goog:chromeOptions: {debuggerAddress: localhost:57167}, networkConnectionEnabled: false, pageLoadStrategy: normal, platformName: windows, proxy: Proxy(), se:cdp: ws://localhost:57167/devtoo..., se:cdpVersion: 127.0.6533.73, setWindowRect: true, strictFileInteractability: false, timeouts: {implicit: 0, pageLoad: 300000, script: 30000}, unhandledPromptBehavior: dismiss and notify, webauthn:extension:credBlob: true, webauthn:extension:largeBlob: true, webauthn:extension:minPinLength: true, webauthn:extension:prf: true, webauthn:virtualAuthenticators: true}
Session ID: bf9e8238fb97df0f0f2396e474156423
at java.base/jdk.internal.reflect.DirectConstructorHandleAccessor.newInstance(DirectConstructorHandleAccessor.java:62)
at java.base/java.lang.reflect.Constructor.newInstanceWithCaller(Constructor.java:502)
at java.base/java.lang.reflect.Constructor.newInstance(Constructor.java:486)
at org.openqa.selenium.remote.ErrorCodec.decode(ErrorCodec.java:167)
at org.openqa.selenium.remote.codec.w3c.W3CHttpResponseCodec.decode(W3CHttpResponseCodec.java:138)
at org.openqa.selenium.remote.codec.w3c.W3CHttpResponseCodec.decode(W3CHttpResponseCodec.java:50)
at org.openqa.selenium.remote.HttpCommandExecutor.execute(HttpCommandExecutor.java:190)
at org.openqa.selenium.remote.service.DriverCommandExecutor.invokeExecute(DriverCommandExecutor.java:216)
at org.openqa.selenium.remote.service.DriverCommandExecutor.execute(DriverCommandExecutor.java:174)
at org.openqa.selenium.remote.RemoteWebDriver.execute(RemoteWebDriver.java:518)
at org.openqa.selenium.remote.ElementLocation$ElementFinder$2.findElement(ElementLocation.java:165)
at org.openqa.selenium.remote.ElementLocation.findElement(ElementLocation.java:59)
at org.openqa.selenium.remote.RemoteWebDriver.findElement(RemoteWebDriver.java:355)
at org.openqa.selenium.remote.RemoteWebDriver.findElement(RemoteWebDriver.java:349)
at org.openqa.selenium.support.pagefactory.DefaultElementLocator.findElement(DefaultElementLocator.java:68)
at org.openqa.selenium.support.pagefactory.internal.LocatingElementHandler.invoke(LocatingElementHandler.java:38)
at jdk.proxy2/jdk.proxy2.$Proxy16.getText(Unknown Source)
at pages.CreateAccountPage.validation(CreateAccountPage.java:82)
at test.Signup.Account(Signup.java:37)
at java.base/jdk.internal.reflect.DirectMethodHandleAccessor.invoke(DirectMethodHandleAccessor.java:103)
at java.base/java.lang.reflect.Method.invoke(Method.java:580)
at org.testng.internal.invokers.MethodInvocationHelper.invokeMethod(MethodInvocationHelper.java:139)
at org.testng.internal.invokers.TestInvoker.invokeMethod(TestInvoker.java:664)
at org.testng.internal.invokers.TestInvoker.invokeTestMethod(TestInvoker.java:227)
at org.testng.internal.invokers.MethodRunner.runInSequence(MethodRunner.java:50)
at org.testng.internal.invokers.TestInvoker$MethodInvocationAgent.invoke(TestInvoker.java:957)
at org.testng.internal.invokers.TestInvoker.invokeTestMethods(TestInvoker.java:200)
at org.testng.internal.invokers.TestMethodWorker.invokeTestMethods(TestMethodWorker.java:148)
at org.testng.internal.invokers.TestMethodWorker.run(TestMethodWorker.java:128)
at java.base/java.util.ArrayList.forEach(ArrayList.java:1597)
at org.testng.TestRunner.privateRun(TestRunner.java:848)
at org.testng.TestRunner.run(TestRunner.java:621)
at org.testng.SuiteRunner.runTest(SuiteRunner.java:443)
at org.testng.SuiteRunner.runSequentially(SuiteRunner.java:437)
at org.testng.SuiteRunner.privateRun(SuiteRunner.java:397)
at org.testng.SuiteRunner.run(SuiteRunner.java:336)
at org.testng.SuiteRunnerWorker.runSuite(SuiteRunnerWorker.java:52)
at org.testng.SuiteRunnerWorker.run(SuiteRunnerWorker.java:95)
at org.testng.TestNG.runSuitesSequentially(TestNG.java:1280)
at org.testng.TestNG.runSuitesLocally(TestNG.java:1200)
at org.testng.TestNG.runSuites(TestNG.java:1114)
at org.testng.TestNG.run(TestNG.java:1082)
at org.testng.remote.AbstractRemoteTestNG.run(AbstractRemoteTestNG.java:115)
at org.testng.remote.RemoteTestNG.initAndRun(RemoteTestNG.java:293)
at org.testng.remote.RemoteTestNG.main(RemoteTestNG.java:91)
]]>
            </full-stacktrace>
          </exception> <!-- org.openqa.selenium.NoSuchElementException -->
          <reporter-output>
          </reporter-output>
        </test-method> <!-- Account -->
        <test-method is-config="true" signature="LaunchBrowser(java.lang.String,java.lang.String)[pri:0, instance:test.Signup@6f8e8894]" started-at="2024-07-30T22:21:20 IST" name="LaunchBrowser" finished-at="2024-07-30T22:21:36 IST" duration-ms="15818" status="PASS">
          <params>
            <param index="0">
              <value>
                <![CDATA[Chrome]]>
              </value>
            </param>
            <param index="1">
              <value>
                <![CDATA[https://www.bestbuy.com/]]>
              </value>
            </param>
          </params>
          <reporter-output>
          </reporter-output>
        </test-method> <!-- LaunchBrowser -->
        <test-method signature="Account(java.lang.String,java.lang.String,java.lang.String,java.lang.String,java.lang.String,java.lang.String,java.lang.String)[pri:0, instance:test.Signup@6f8e8894]" started-at="2024-07-30T22:21:36 IST" name="Account" data-provider="Data" finished-at="2024-07-30T22:22:07 IST" duration-ms="31273" status="PASS">
          <params>
            <param index="0">
              <value>
                <![CDATA[]]>
              </value>
            </param>
            <param index="1">
              <value>
                <![CDATA[Sundar]]>
              </value>
            </param>
            <param index="2">
              <value>
                <![CDATA[Shiyam23@gmail.com]]>
              </value>
            </param>
            <param index="3">
              <value>
                <![CDATA[Shiyam@23]]>
              </value>
            </param>
            <param index="4">
              <value>
                <![CDATA[Shiyam@23]]>
              </value>
            </param>
            <param index="5">
              <value>
                <![CDATA[9564525640]]>
              </value>
            </param>
            <param index="6">
              <value>
                <![CDATA[FnameBlank]]>
              </value>
            </param>
          </params>
          <reporter-output>
          </reporter-output>
        </test-method> <!-- Account -->
        <test-method is-config="true" signature="LaunchBrowser(java.lang.String,java.lang.String)[pri:0, instance:test.Signup@6f8e8894]" started-at="2024-07-30T22:22:08 IST" name="LaunchBrowser" finished-at="2024-07-30T22:22:22 IST" duration-ms="14859" status="PASS">
          <params>
            <param index="0">
              <value>
                <![CDATA[Chrome]]>
              </value>
            </param>
            <param index="1">
              <value>
                <![CDATA[https://www.bestbuy.com/]]>
              </value>
            </param>
          </params>
          <reporter-output>
          </reporter-output>
        </test-method> <!-- LaunchBrowser -->
        <test-method signature="Account(java.lang.String,java.lang.String,java.lang.String,java.lang.String,java.lang.String,java.lang.String,java.lang.String)[pri:0, instance:test.Signup@6f8e8894]" started-at="2024-07-30T22:22:22 IST" name="Account" data-provider="Data" finished-at="2024-07-30T22:22:54 IST" duration-ms="31774" status="PASS">
          <params>
            <param index="0">
              <value>
                <![CDATA[Shiyam]]>
              </value>
            </param>
            <param index="1">
              <value>
                <![CDATA[]]>
              </value>
            </param>
            <param index="2">
              <value>
                <![CDATA[Shiyam23@gmail.com]]>
              </value>
            </param>
            <param index="3">
              <value>
                <![CDATA[Shiyam@23]]>
              </value>
            </param>
            <param index="4">
              <value>
                <![CDATA[Shiyam@23]]>
              </value>
            </param>
            <param index="5">
              <value>
                <![CDATA[9564525640]]>
              </value>
            </param>
            <param index="6">
              <value>
                <![CDATA[LnameBlank]]>
              </value>
            </param>
          </params>
          <reporter-output>
          </reporter-output>
        </test-method> <!-- Account -->
        <test-method is-config="true" signature="LaunchBrowser(java.lang.String,java.lang.String)[pri:0, instance:test.Signup@6f8e8894]" started-at="2024-07-30T22:22:54 IST" name="LaunchBrowser" finished-at="2024-07-30T22:23:17 IST" duration-ms="22711" status="PASS">
          <params>
            <param index="0">
              <value>
                <![CDATA[Chrome]]>
              </value>
            </param>
            <param index="1">
              <value>
                <![CDATA[https://www.bestbuy.com/]]>
              </value>
            </param>
          </params>
          <reporter-output>
          </reporter-output>
        </test-method> <!-- LaunchBrowser -->
        <test-method signature="Account(java.lang.String,java.lang.String,java.lang.String,java.lang.String,java.lang.String,java.lang.String,java.lang.String)[pri:0, instance:test.Signup@6f8e8894]" started-at="2024-07-30T22:23:17 IST" name="Account" data-provider="Data" finished-at="2024-07-30T22:24:04 IST" duration-ms="46692" status="PASS">
          <params>
            <param index="0">
              <value>
                <![CDATA[Shiyam]]>
              </value>
            </param>
            <param index="1">
              <value>
                <![CDATA[Sundar]]>
              </value>
            </param>
            <param index="2">
              <value>
                <![CDATA[]]>
              </value>
            </param>
            <param index="3">
              <value>
                <![CDATA[Shiyam@23]]>
              </value>
            </param>
            <param index="4">
              <value>
                <![CDATA[Shiyam@23]]>
              </value>
            </param>
            <param index="5">
              <value>
                <![CDATA[9564525640]]>
              </value>
            </param>
            <param index="6">
              <value>
                <![CDATA[EmailBlank]]>
              </value>
            </param>
          </params>
          <reporter-output>
          </reporter-output>
        </test-method> <!-- Account -->
        <test-method is-config="true" signature="LaunchBrowser(java.lang.String,java.lang.String)[pri:0, instance:test.Signup@6f8e8894]" started-at="2024-07-30T22:24:04 IST" name="LaunchBrowser" finished-at="2024-07-30T22:24:26 IST" duration-ms="22298" status="PASS">
          <params>
            <param index="0">
              <value>
                <![CDATA[Chrome]]>
              </value>
            </param>
            <param index="1">
              <value>
                <![CDATA[https://www.bestbuy.com/]]>
              </value>
            </param>
          </params>
          <reporter-output>
          </reporter-output>
        </test-method> <!-- LaunchBrowser -->
        <test-method signature="Account(java.lang.String,java.lang.String,java.lang.String,java.lang.String,java.lang.String,java.lang.String,java.lang.String)[pri:0, instance:test.Signup@6f8e8894]" started-at="2024-07-30T22:24:26 IST" name="Account" data-provider="Data" finished-at="2024-07-30T22:25:01 IST" duration-ms="34564" status="PASS">
          <params>
            <param index="0">
              <value>
                <![CDATA[Shiyam]]>
              </value>
            </param>
            <param index="1">
              <value>
                <![CDATA[Sundar]]>
              </value>
            </param>
            <param index="2">
              <value>
                <![CDATA[Shiyam23@gmail.com]]>
              </value>
            </param>
            <param index="3">
              <value>
                <![CDATA[Shiyam@23]]>
              </value>
            </param>
            <param index="4">
              <value>
                <![CDATA[Shiyam@234]]>
              </value>
            </param>
            <param index="5">
              <value>
                <![CDATA[9564525640]]>
              </value>
            </param>
            <param index="6">
              <value>
                <![CDATA[PassDiff]]>
              </value>
            </param>
          </params>
          <reporter-output>
          </reporter-output>
        </test-method> <!-- Account -->
        <test-method is-config="true" signature="LaunchBrowser(java.lang.String,java.lang.String)[pri:0, instance:test.Signup@6f8e8894]" started-at="2024-07-30T22:25:01 IST" name="LaunchBrowser" finished-at="2024-07-30T22:25:20 IST" duration-ms="18455" status="PASS">
          <params>
            <param index="0">
              <value>
                <![CDATA[Chrome]]>
              </value>
            </param>
            <param index="1">
              <value>
                <![CDATA[https://www.bestbuy.com/]]>
              </value>
            </param>
          </params>
          <reporter-output>
          </reporter-output>
        </test-method> <!-- LaunchBrowser -->
        <test-method signature="Account(java.lang.String,java.lang.String,java.lang.String,java.lang.String,java.lang.String,java.lang.String,java.lang.String)[pri:0, instance:test.Signup@6f8e8894]" started-at="2024-07-30T22:25:20 IST" name="Account" data-provider="Data" finished-at="2024-07-30T22:25:47 IST" duration-ms="27468" status="PASS">
          <params>
            <param index="0">
              <value>
                <![CDATA[abc]]>
              </value>
            </param>
            <param index="1">
              <value>
                <![CDATA[def]]>
              </value>
            </param>
            <param index="2">
              <value>
                <![CDATA[abc@gmail.com]]>
              </value>
            </param>
            <param index="3">
              <value>
                <![CDATA[abcd$d1234]]>
              </value>
            </param>
            <param index="4">
              <value>
                <![CDATA[abcd$d1234]]>
              </value>
            </param>
            <param index="5">
              <value>
                <![CDATA[9876543210]]>
              </value>
            </param>
            <param index="6">
              <value>
                <![CDATA[UserExist]]>
              </value>
            </param>
          </params>
          <reporter-output>
          </reporter-output>
        </test-method> <!-- Account -->
      </class> <!-- test.Signup -->
      <class name="test.Login">
        <test-method is-config="true" signature="setUp()[pri:0, instance:test.Login@a1f72f5]" started-at="2024-07-30T22:20:11 IST" name="setUp" finished-at="2024-07-30T22:20:11 IST" duration-ms="1" status="PASS">
          <reporter-output>
          </reporter-output>
        </test-method> <!-- setUp -->
        <test-method is-config="true" signature="LaunchBrowser(java.lang.String,java.lang.String)[pri:0, instance:test.Login@a1f72f5]" started-at="2024-07-30T22:25:48 IST" name="LaunchBrowser" finished-at="2024-07-30T22:26:04 IST" duration-ms="16381" status="PASS">
          <params>
            <param index="0">
              <value>
                <![CDATA[Chrome]]>
              </value>
            </param>
            <param index="1">
              <value>
                <![CDATA[https://www.bestbuy.com/]]>
              </value>
            </param>
          </params>
          <reporter-output>
          </reporter-output>
        </test-method> <!-- LaunchBrowser -->
        <test-method signature="Login(java.lang.String,java.lang.String,java.lang.String,java.lang.String)[pri:0, instance:test.Login@a1f72f5]" started-at="2024-07-30T22:26:04 IST" name="Login" data-provider="Data" finished-at="2024-07-30T22:26:33 IST" duration-ms="28594" status="PASS">
          <params>
            <param index="0">
              <value>
                <![CDATA[supriyapalani28@gmail.com]]>
              </value>
            </param>
            <param index="1">
              <value>
                <![CDATA[Nethaji@28]]>
              </value>
            </param>
            <param index="2">
              <value>
                <![CDATA[Valid]]>
              </value>
            </param>
            <param index="3">
              <value>
                <![CDATA[Supriya]]>
              </value>
            </param>
          </params>
          <reporter-output>
          </reporter-output>
        </test-method> <!-- Login -->
        <test-method is-config="true" signature="LaunchBrowser(java.lang.String,java.lang.String)[pri:0, instance:test.Login@a1f72f5]" started-at="2024-07-30T22:26:33 IST" name="LaunchBrowser" finished-at="2024-07-30T22:26:50 IST" duration-ms="16880" status="PASS">
          <params>
            <param index="0">
              <value>
                <![CDATA[Chrome]]>
              </value>
            </param>
            <param index="1">
              <value>
                <![CDATA[https://www.bestbuy.com/]]>
              </value>
            </param>
          </params>
          <reporter-output>
          </reporter-output>
        </test-method> <!-- LaunchBrowser -->
        <test-method signature="Login(java.lang.String,java.lang.String,java.lang.String,java.lang.String)[pri:0, instance:test.Login@a1f72f5]" started-at="2024-07-30T22:26:50 IST" name="Login" data-provider="Data" finished-at="2024-07-30T22:27:28 IST" duration-ms="37778" status="PASS">
          <params>
            <param index="0">
              <value>
                <![CDATA[]]>
              </value>
            </param>
            <param index="1">
              <value>
                <![CDATA[Nethaji@28]]>
              </value>
            </param>
            <param index="2">
              <value>
                <![CDATA[EmailBlank]]>
              </value>
            </param>
            <param index="3">
              <value>
                <![CDATA[Supriya]]>
              </value>
            </param>
          </params>
          <reporter-output>
          </reporter-output>
        </test-method> <!-- Login -->
        <test-method is-config="true" signature="LaunchBrowser(java.lang.String,java.lang.String)[pri:0, instance:test.Login@a1f72f5]" started-at="2024-07-30T22:27:28 IST" name="LaunchBrowser" finished-at="2024-07-30T22:27:44 IST" duration-ms="15597" status="PASS">
          <params>
            <param index="0">
              <value>
                <![CDATA[Chrome]]>
              </value>
            </param>
            <param index="1">
              <value>
                <![CDATA[https://www.bestbuy.com/]]>
              </value>
            </param>
          </params>
          <reporter-output>
          </reporter-output>
        </test-method> <!-- LaunchBrowser -->
        <test-method signature="Login(java.lang.String,java.lang.String,java.lang.String,java.lang.String)[pri:0, instance:test.Login@a1f72f5]" started-at="2024-07-30T22:27:44 IST" name="Login" data-provider="Data" finished-at="2024-07-30T22:28:09 IST" duration-ms="25595" status="PASS">
          <params>
            <param index="0">
              <value>
                <![CDATA[wonderwell@gmail.com]]>
              </value>
            </param>
            <param index="1">
              <value>
                <![CDATA[]]>
              </value>
            </param>
            <param index="2">
              <value>
                <![CDATA[PwdBlank]]>
              </value>
            </param>
            <param index="3">
              <value>
                <![CDATA[Supriya]]>
              </value>
            </param>
          </params>
          <reporter-output>
          </reporter-output>
        </test-method> <!-- Login -->
        <test-method is-config="true" signature="LaunchBrowser(java.lang.String,java.lang.String)[pri:0, instance:test.Login@a1f72f5]" started-at="2024-07-30T22:28:09 IST" name="LaunchBrowser" finished-at="2024-07-30T22:28:30 IST" duration-ms="20183" status="PASS">
          <params>
            <param index="0">
              <value>
                <![CDATA[Chrome]]>
              </value>
            </param>
            <param index="1">
              <value>
                <![CDATA[https://www.bestbuy.com/]]>
              </value>
            </param>
          </params>
          <reporter-output>
          </reporter-output>
        </test-method> <!-- LaunchBrowser -->
        <test-method signature="Login(java.lang.String,java.lang.String,java.lang.String,java.lang.String)[pri:0, instance:test.Login@a1f72f5]" started-at="2024-07-30T22:28:30 IST" name="Login" data-provider="Data" finished-at="2024-07-30T22:29:01 IST" duration-ms="31473" status="PASS">
          <params>
            <param index="0">
              <value>
                <![CDATA[supriyapalani28@gmail.com]]>
              </value>
            </param>
            <param index="1">
              <value>
                <![CDATA[abcdefg]]>
              </value>
            </param>
            <param index="2">
              <value>
                <![CDATA[InvalidEmailPwd]]>
              </value>
            </param>
            <param index="3">
              <value>
                <![CDATA[Supriya]]>
              </value>
            </param>
          </params>
          <reporter-output>
          </reporter-output>
        </test-method> <!-- Login -->
      </class> <!-- test.Login -->
    </test> <!-- Test -->
  </suite> <!-- Suite -->
</testng-results>
